Start testing: Nov 26 15:54 IST
----------------------------------------------------------
1/2 Testing: test_custom
1/2 Test: test_custom
Command: "/bin/sh" "/home/kalpesh/EE340_OFDM/custom_blocks/gr-custom/build/lib/test_custom_test.sh"
Directory: /home/kalpesh/EE340_OFDM/custom_blocks/gr-custom/build/lib
"test_custom" start time: Nov 26 15:54 IST
Output:
----------------------------------------------------------


<end of output>
Test time =   0.02 sec
----------------------------------------------------------
Test Passed.
"test_custom" end time: Nov 26 15:54 IST
"test_custom" time elapsed: 00:00:00
----------------------------------------------------------

2/2 Testing: qa_myCycPref
2/2 Test: qa_myCycPref
Command: "/bin/sh" "/home/kalpesh/EE340_OFDM/custom_blocks/gr-custom/build/python/qa_myCycPref_test.sh"
Directory: /home/kalpesh/EE340_OFDM/custom_blocks/gr-custom/build/python
"qa_myCycPref" start time: Nov 26 15:54 IST
Output:
----------------------------------------------------------
Traceback (most recent call last):
  File "/home/kalpesh/EE340_OFDM/custom_blocks/gr-custom/python/qa_myCycPref.py", line 24, in <module>
    import custom_swig as custom
  File "/home/kalpesh/EE340_OFDM/custom_blocks/gr-custom/build/swig/custom_swig.py", line 28, in <module>
    _custom_swig = swig_import_helper()
  File "/home/kalpesh/EE340_OFDM/custom_blocks/gr-custom/build/swig/custom_swig.py", line 24, in swig_import_helper
    _mod = imp.load_module('_custom_swig', fp, pathname, description)
ImportError: /home/kalpesh/EE340_OFDM/custom_blocks/gr-custom/build/swig/_custom_swig.so: undefined symbol: _ZN2gr6custom9myCycPref4makeEv
<end of output>
Test time =   1.07 sec
----------------------------------------------------------
Test Failed.
"qa_myCycPref" end time: Nov 26 15:54 IST
"qa_myCycPref" time elapsed: 00:00:01
----------------------------------------------------------

End testing: Nov 26 15:54 IST
